# JRE version: OpenJDK Runtime Environment (11.0+28) (build 11+28)
# Java VM: OpenJDK 64-Bit Server VM (11+28, mixed mode, tiered, compressed oops, g1 gc, windows-amd64)
Heap:
 garbage-first heap   total 157696K, used 26936K [0x0000000081400000, 0x0000000100000000)
  region size 1024K, 5 young (5120K), 5 survivors (5120K)
 Metaspace       used 58293K, capacity 60108K, committed 60240K, reserved 1101824K
  class space    used 7665K, capacity 8383K, committed 8448K, reserved 1048576K
GC Heap History (10 events):
Event: 12.280 GC heap after
{Heap after GC invocations=8 (full 0):
 garbage-first heap   total 131072K, used 16672K [0x0000000081400000, 0x0000000100000000)
  region size 1024K, 8 young (8192K), 8 survivors (8192K)
 Metaspace       used 33597K, capacity 34863K, committed 34992K, reserved 1079296K
  class space    used 4228K, capacity 4751K, committed 4864K, reserved 1048576K
}
Event: 12.655 GC heap before
{Heap before GC invocations=8 (full 0):
 garbage-first heap   total 131072K, used 38176K [0x0000000081400000, 0x0000000100000000)
  region size 1024K, 31 young (31744K), 8 survivors (8192K)
 Metaspace       used 34464K, capacity 35807K, committed 35888K, reserved 1081344K
  class space    used 4360K, capacity 4918K, committed 4992K, reserved 1048576K
}
Event: 12.678 GC heap after
{Heap after GC invocations=9 (full 0):
 garbage-first heap   total 131072K, used 17766K [0x0000000081400000, 0x0000000100000000)
  region size 1024K, 4 young (4096K), 4 survivors (4096K)
 Metaspace       used 34464K, capacity 35807K, committed 35888K, reserved 1081344K
  class space    used 4360K, capacity 4918K, committed 4992K, reserved 1048576K
}
Event: 14.134 GC heap before
{Heap before GC invocations=10 (full 0):
 garbage-first heap   total 131072K, used 86374K [0x0000000081400000, 0x0000000100000000)
  region size 1024K, 71 young (72704K), 4 survivors (4096K)
 Metaspace       used 45798K, capacity 47192K, committed 47408K, reserved 1089536K
  class space    used 5883K, capacity 6428K, committed 6528K, reserved 1048576K
}
Event: 14.146 GC heap after
{Heap after GC invocations=11 (full 0):
 garbage-first heap   total 131072K, used 19888K [0x0000000081400000, 0x0000000100000000)
  region size 1024K, 6 young (6144K), 6 survivors (6144K)
 Metaspace       used 45798K, capacity 47192K, committed 47408K, reserved 1089536K
  class space    used 5883K, capacity 6428K, committed 6528K, reserved 1048576K
}
Event: 15.307 GC heap before
{Heap before GC invocations=11 (full 0):
 garbage-first heap   total 131072K, used 90544K [0x0000000081400000, 0x0000000100000000)
  region size 1024K, 75 young (76800K), 6 survivors (6144K)
 Metaspace       used 52847K, capacity 54527K, committed 54704K, reserved 1095680K
  class space    used 6949K, capacity 7612K, committed 7680K, reserved 1048576K
}
Event: 15.320 GC heap after
{Heap after GC invocations=12 (full 0):
 garbage-first heap   total 131072K, used 23025K [0x0000000081400000, 0x0000000100000000)
  region size 1024K, 7 young (7168K), 7 survivors (7168K)
 Metaspace       used 52847K, capacity 54527K, committed 54704K, reserved 1095680K
  class space    used 6949K, capacity 7612K, committed 7680K, reserved 1048576K
}
Event: 16.184 GC heap before
{Heap before GC invocations=12 (full 0):
 garbage-first heap   total 131072K, used 93681K [0x0000000081400000, 0x0000000100000000)
  region size 1024K, 76 young (77824K), 7 survivors (7168K)
 Metaspace       used 56482K, capacity 58251K, committed 58544K, reserved 1099776K
  class space    used 7443K, capacity 8148K, committed 8192K, reserved 1048576K
}
Event: 16.198 GC heap after
{Heap after GC invocations=13 (full 0):
 garbage-first heap   total 131072K, used 26470K [0x0000000081400000, 0x0000000100000000)
  region size 1024K, 7 young (7168K), 7 survivors (7168K)
 Metaspace       used 56482K, capacity 58251K, committed 58544K, reserved 1099776K
  class space    used 7443K, capacity 8148K, committed 8192K, reserved 1048576K
}
Event: 27.504 GC heap before
{Heap before GC invocations=13 (full 0):
 garbage-first heap   total 131072K, used 40806K [0x0000000081400000, 0x0000000100000000)
  region size 1024K, 23 young (23552K), 7 survivors (7168K)
 Metaspace       used 58293K, capacity 60108K, committed 60240K, reserved 1101824K
  class space    used 7665K, capacity 8383K, committed 8448K, reserved 1048576K
}

